F:\我的文档\VISUAL STUDIO 2010\PROJECTS\RAYTRACER\RAYTRACER\RAYTRACER\GENERATEDFILES\QRC_RAYTRACER.CPP
F:\我的文档\VISUAL STUDIO 2010\PROJECTS\RAYTRACER\RAYTRACER\RAYTRACER\GENERATEDFILES\RELEASE\MOC_RAYTRACER.CPP
F:\我的文档\VISUAL STUDIO 2010\PROJECTS\RAYTRACER\RAYTRACER\RAYTRACER\GENERATEDFILES\UI_RAYTRACER.H
F:\我的文档\Visual Studio 2010\Projects\RayTracer\RayTracer\RayTracer\Release\cl.command.1.tlog
F:\我的文档\Visual Studio 2010\Projects\RayTracer\RayTracer\RayTracer\Release\CL.read.1.tlog
F:\我的文档\Visual Studio 2010\Projects\RayTracer\RayTracer\RayTracer\Release\CL.write.1.tlog
F:\我的文档\VISUAL STUDIO 2010\PROJECTS\RAYTRACER\RAYTRACER\RAYTRACER\RELEASE\CPARSERV1.OBJ
F:\我的文档\Visual Studio 2010\Projects\RayTracer\RayTracer\RayTracer\Release\custombuild.command.1.tlog
F:\我的文档\Visual Studio 2010\Projects\RayTracer\RayTracer\RayTracer\Release\custombuild.read.1.tlog
F:\我的文档\Visual Studio 2010\Projects\RayTracer\RayTracer\RayTracer\Release\custombuild.write.1.tlog
F:\我的文档\VISUAL STUDIO 2010\PROJECTS\RAYTRACER\RAYTRACER\RAYTRACER\RELEASE\DATA_STRUCTURE.OBJ
F:\我的文档\VISUAL STUDIO 2010\PROJECTS\RAYTRACER\RAYTRACER\RAYTRACER\RELEASE\GLM.OBJ
F:\我的文档\VISUAL STUDIO 2010\PROJECTS\RAYTRACER\RAYTRACER\RAYTRACER\RELEASE\GLOBALSYS.OBJ
F:\我的文档\VISUAL STUDIO 2010\PROJECTS\RAYTRACER\RAYTRACER\RAYTRACER\RELEASE\IMAGE.OBJ
F:\我的文档\Visual Studio 2010\Projects\RayTracer\RayTracer\RayTracer\Release\link.command.1.tlog
F:\我的文档\Visual Studio 2010\Projects\RayTracer\RayTracer\RayTracer\Release\link.read.1.tlog
F:\我的文档\Visual Studio 2010\Projects\RayTracer\RayTracer\RayTracer\Release\link.write.1.tlog
F:\我的文档\VISUAL STUDIO 2010\PROJECTS\RAYTRACER\RAYTRACER\RAYTRACER\RELEASE\MAIN.OBJ
F:\我的文档\VISUAL STUDIO 2010\PROJECTS\RAYTRACER\RAYTRACER\RAYTRACER\RELEASE\MATHEMATICS.OBJ
F:\我的文档\VISUAL STUDIO 2010\PROJECTS\RAYTRACER\RAYTRACER\RAYTRACER\RELEASE\MESH_LOADER.OBJ
F:\我的文档\VISUAL STUDIO 2010\PROJECTS\RAYTRACER\RAYTRACER\RAYTRACER\RELEASE\MOC_RAYTRACER.OBJ
F:\我的文档\Visual Studio 2010\Projects\RayTracer\RayTracer\RayTracer\Release\mt.command.1.tlog
F:\我的文档\Visual Studio 2010\Projects\RayTracer\RayTracer\RayTracer\Release\mt.read.1.tlog
F:\我的文档\Visual Studio 2010\Projects\RayTracer\RayTracer\RayTracer\Release\mt.write.1.tlog
F:\我的文档\VISUAL STUDIO 2010\PROJECTS\RAYTRACER\RAYTRACER\RAYTRACER\RELEASE\OBJECTS.OBJ
F:\我的文档\VISUAL STUDIO 2010\PROJECTS\RAYTRACER\RAYTRACER\RAYTRACER\RELEASE\QRC_RAYTRACER.OBJ
F:\我的文档\VISUAL STUDIO 2010\PROJECTS\RAYTRACER\RAYTRACER\RAYTRACER\RELEASE\RAYTRACER.EXE.INTERMEDIATE.MANIFEST
F:\我的文档\VISUAL STUDIO 2010\PROJECTS\RAYTRACER\RAYTRACER\RAYTRACER\RELEASE\RAYTRACER.OBJ
F:\我的文档\Visual Studio 2010\Projects\RayTracer\RayTracer\RayTracer\Release\RayTracer.vcxprojResolveAssemblyReference.cache
F:\我的文档\Visual Studio 2010\Projects\RayTracer\RayTracer\RayTracer\Release\RayTracer.write.1.tlog
F:\我的文档\VISUAL STUDIO 2010\PROJECTS\RAYTRACER\RAYTRACER\WIN32\RELEASE\RAYTRACER.EXE
G:\MY DOCUMENTS\VISUAL STUDIO 2010\PROJECTS\RAYTRACER\RAYTRACER\GENERATEDFILES\QRC_RAYTRACER.CPP
G:\MY DOCUMENTS\VISUAL STUDIO 2010\PROJECTS\RAYTRACER\RAYTRACER\GENERATEDFILES\RELEASE\MOC_RAYTRACER.CPP
G:\MY DOCUMENTS\VISUAL STUDIO 2010\PROJECTS\RAYTRACER\RAYTRACER\GENERATEDFILES\UI_RAYTRACER.H
G:\MY DOCUMENTS\VISUAL STUDIO 2010\PROJECTS\RAYTRACER\RAYTRACER\RELEASE\CPARSERV1.OBJ
G:\MY DOCUMENTS\VISUAL STUDIO 2010\PROJECTS\RAYTRACER\RAYTRACER\RELEASE\DATA_STRUCTURE.OBJ
G:\MY DOCUMENTS\VISUAL STUDIO 2010\PROJECTS\RAYTRACER\RAYTRACER\RELEASE\GLM.OBJ
G:\MY DOCUMENTS\VISUAL STUDIO 2010\PROJECTS\RAYTRACER\RAYTRACER\RELEASE\GLOBALSYS.OBJ
G:\MY DOCUMENTS\VISUAL STUDIO 2010\PROJECTS\RAYTRACER\RAYTRACER\RELEASE\IMAGE.OBJ
G:\MY DOCUMENTS\VISUAL STUDIO 2010\PROJECTS\RAYTRACER\RAYTRACER\RELEASE\MAIN.OBJ
G:\MY DOCUMENTS\VISUAL STUDIO 2010\PROJECTS\RAYTRACER\RAYTRACER\RELEASE\MATHEMATICS.OBJ
G:\MY DOCUMENTS\VISUAL STUDIO 2010\PROJECTS\RAYTRACER\RAYTRACER\RELEASE\MESH_LOADER.OBJ
G:\MY DOCUMENTS\VISUAL STUDIO 2010\PROJECTS\RAYTRACER\RAYTRACER\RELEASE\MOC_RAYTRACER.OBJ
G:\MY DOCUMENTS\VISUAL STUDIO 2010\PROJECTS\RAYTRACER\RAYTRACER\RELEASE\OBJECTS.OBJ
G:\MY DOCUMENTS\VISUAL STUDIO 2010\PROJECTS\RAYTRACER\RAYTRACER\RELEASE\QRC_RAYTRACER.OBJ
G:\MY DOCUMENTS\VISUAL STUDIO 2010\PROJECTS\RAYTRACER\RAYTRACER\RELEASE\RAYTRACER.EXE.INTERMEDIATE.MANIFEST
G:\MY DOCUMENTS\VISUAL STUDIO 2010\PROJECTS\RAYTRACER\RAYTRACER\RELEASE\RAYTRACER.OBJ
G:\MY DOCUMENTS\VISUAL STUDIO 2010\PROJECTS\RAYTRACER\WIN32\RELEASE\RAYTRACER.EXE
