生成启动时间为 2016/4/6 21:06:48。
     1>项目“F:\我的文档\Visual Studio 2010\Projects\RayTracer\RayTracer\RayTracer\RayTracer.vcxproj”在节点 2 上(rebuild 个目标)。
     1>_PrepareForClean:
         正在删除文件“Debug\RayTracer.lastbuildstate”。
       PrepareForBuild:
         正在创建目录“F:\我的文档\Visual Studio 2010\Projects\RayTracer\RayTracer\Win32\Debug\”。
       InitializeBuildStatus:
         正在创建“Debug\RayTracer.unsuccessfulbuild”，因为已指定“AlwaysCreate”。
       CustomBuild:
         Moc'ing raytracer.h...
         Uic'ing raytracer.ui...
         Rcc'ing raytracer.qrc...
     1>RCC : warning : No resources in 'F:\鎴戠殑鏂囨。\Visual Studio 2010\Projects\RayTracer\RayTracer\RayTracer\raytracer.qrc'.
         
       ClCompile:
         D:\VS2010\VC\bin\CL.exe /c /I.\GeneratedFiles /I. /ID:\QT\5.2.0\msvc2010_opengl\include /I.\GeneratedFiles\Debug /ID:\QT\5.2.0\msvc2010_opengl\include\QtCore /ID:\QT\5.2.0\msvc2010_opengl\include\QtGui /ID:\QT\5.2.0\msvc2010_opengl\include\QtOpenGL /ID:\QT\5.2.0\msvc2010_opengl\include\QtWidgets /Zi /nologo /W1 /WX- /Od /Oy- /D UNICODE /D WIN32 /D WIN64 /D QT_DLL /D QT_CORE_LIB /D QT_GUI_LIB /D QT_OPENGL_LIB /D QT_WIDGETS_LIB /Gm- /EHsc /MDd /GS /fp:precise /Zc:wchar_t /Zc:forScope /Fo"Debug\\" /Fd"Debug\vc100.pdb" /Gd /TP /analyze- /errorReport:prompt GeneratedFiles\Debug\moc_raytracer.cpp GlobalSys.cpp main.cpp raytracer.cpp ZYK\CPARSERV1.cpp ZYK\Data_structure.cpp ZYK\glm.cpp ZYK\Image.cpp ZYK\mathematics.cpp ZYK\mesh_loader.cpp ZYK\Objects.cpp
         moc_raytracer.cpp
         GlobalSys.cpp
         main.cpp
         raytracer.cpp
         CPARSERV1.cpp
         Data_structure.cpp
         glm.cpp
         Image.cpp
         mathematics.cpp
         mesh_loader.cpp
         Objects.cpp
         正在生成代码...
         D:\VS2010\VC\bin\CL.exe /c /I.\GeneratedFiles /I. /ID:\QT\5.2.0\msvc2010_opengl\include /I.\GeneratedFiles\Debug /ID:\QT\5.2.0\msvc2010_opengl\include\QtCore /ID:\QT\5.2.0\msvc2010_opengl\include\QtGui /ID:\QT\5.2.0\msvc2010_opengl\include\QtOpenGL /ID:\QT\5.2.0\msvc2010_opengl\include\QtWidgets /Zi /nologo /W1 /WX- /Od /Oy- /D UNICODE /D WIN32 /D WIN64 /D QT_DLL /D QT_CORE_LIB /D QT_GUI_LIB /D QT_OPENGL_LIB /D QT_WIDGETS_LIB /Gm- /EHsc /MDd /GS /fp:precise /Zc:wchar_t /Zc:forScope /Fo"Debug\\" /Fd"Debug\vc100.pdb" /Gd /TP /analyze- /errorReport:prompt GeneratedFiles\qrc_raytracer.cpp
         qrc_raytracer.cpp
       Link:
         D:\VS2010\VC\bin\link.exe /ERRORREPORT:PROMPT /OUT:"F:\我的文档\Visual Studio 2010\Projects\RayTracer\RayTracer\Win32\Debug\\RayTracer.exe" /NOLOGO /LIBPATH:D:\QT\5.2.0\msvc2010_opengl\lib qtmaind.lib Qt5Cored.lib Qt5Guid.lib Qt5OpenGLd.lib opengl32.lib glu32.lib Qt5Widgetsd.lib kernel32.lib user32.lib gdi32.lib winspool.lib comdlg32.lib advapi32.lib shell32.lib ole32.lib oleaut32.lib uuid.lib odbc32.lib odbccp32.lib /MANIFEST /ManifestFile:"Debug\RayTracer.exe.intermediate.manifest" /MANIFESTUAC:"level='asInvoker' uiAccess='false'" /DEBUG /PDB:"F:\我的文档\Visual Studio 2010\Projects\RayTracer\RayTracer\Win32\Debug\RayTracer.pdb" /SUBSYSTEM:CONSOLE /TLBID:1 /DYNAMICBASE /NXCOMPAT /IMPLIB:"F:\我的文档\Visual Studio 2010\Projects\RayTracer\RayTracer\Win32\Debug\RayTracer.lib" /MACHINE:X86 Debug\moc_raytracer.obj
         Debug\qrc_raytracer.obj
         Debug\GlobalSys.obj
         Debug\main.obj
         Debug\raytracer.obj
         Debug\CPARSERV1.obj
         Debug\Data_structure.obj
         Debug\glm.obj
         Debug\Image.obj
         Debug\mathematics.obj
         Debug\mesh_loader.obj
         Debug\Objects.obj
         RayTracer.vcxproj -> F:\我的文档\Visual Studio 2010\Projects\RayTracer\RayTracer\Win32\Debug\RayTracer.exe
       Manifest:
         C:\Program Files (x86)\Microsoft SDKs\Windows\v7.0A\bin\mt.exe /nologo /verbose /outputresource:"F:\我的文档\Visual Studio 2010\Projects\RayTracer\RayTracer\Win32\Debug\\RayTracer.exe;#1" /manifest Debug\RayTracer.exe.intermediate.manifest
       FinalizeBuildStatus:
         正在删除文件“Debug\RayTracer.unsuccessfulbuild”。
         正在对“Debug\RayTracer.lastbuildstate”执行 Touch 任务。
     1>已完成生成项目“F:\我的文档\Visual Studio 2010\Projects\RayTracer\RayTracer\RayTracer\RayTracer.vcxproj”(rebuild 个目标)的操作。

生成成功。

已用时间 00:00:26.53
