F:\我的文档\Visual Studio 2010\Projects\RayTracer\RayTracer\RayTracer\Debug\cl.command.1.tlog
F:\我的文档\Visual Studio 2010\Projects\RayTracer\RayTracer\RayTracer\Debug\CL.read.1.tlog
F:\我的文档\Visual Studio 2010\Projects\RayTracer\RayTracer\RayTracer\Debug\CL.write.1.tlog
F:\我的文档\Visual Studio 2010\Projects\RayTracer\RayTracer\RayTracer\Debug\CPARSERV1.obj
F:\我的文档\Visual Studio 2010\Projects\RayTracer\RayTracer\RayTracer\Debug\custombuild.command.1.tlog
F:\我的文档\Visual Studio 2010\Projects\RayTracer\RayTracer\RayTracer\Debug\custombuild.read.1.tlog
F:\我的文档\Visual Studio 2010\Projects\RayTracer\RayTracer\RayTracer\Debug\custombuild.write.1.tlog
F:\我的文档\Visual Studio 2010\Projects\RayTracer\RayTracer\RayTracer\Debug\Data_structure.obj
F:\我的文档\Visual Studio 2010\Projects\RayTracer\RayTracer\RayTracer\Debug\glm.obj
F:\我的文档\Visual Studio 2010\Projects\RayTracer\RayTracer\RayTracer\Debug\GlobalSys.obj
F:\我的文档\Visual Studio 2010\Projects\RayTracer\RayTracer\RayTracer\Debug\Image.obj
F:\我的文档\Visual Studio 2010\Projects\RayTracer\RayTracer\RayTracer\Debug\link.command.1.tlog
F:\我的文档\Visual Studio 2010\Projects\RayTracer\RayTracer\RayTracer\Debug\link.read.1.tlog
F:\我的文档\Visual Studio 2010\Projects\RayTracer\RayTracer\RayTracer\Debug\link.write.1.tlog
F:\我的文档\Visual Studio 2010\Projects\RayTracer\RayTracer\RayTracer\Debug\main.obj
F:\我的文档\Visual Studio 2010\Projects\RayTracer\RayTracer\RayTracer\Debug\mathematics.obj
F:\我的文档\Visual Studio 2010\Projects\RayTracer\RayTracer\RayTracer\Debug\mesh_loader.obj
F:\我的文档\Visual Studio 2010\Projects\RayTracer\RayTracer\RayTracer\Debug\moc_raytracer.obj
F:\我的文档\Visual Studio 2010\Projects\RayTracer\RayTracer\RayTracer\Debug\mt.command.1.tlog
F:\我的文档\Visual Studio 2010\Projects\RayTracer\RayTracer\RayTracer\Debug\mt.read.1.tlog
F:\我的文档\Visual Studio 2010\Projects\RayTracer\RayTracer\RayTracer\Debug\mt.write.1.tlog
F:\我的文档\Visual Studio 2010\Projects\RayTracer\RayTracer\RayTracer\Debug\Objects.obj
F:\我的文档\Visual Studio 2010\Projects\RayTracer\RayTracer\RayTracer\Debug\qrc_raytracer.obj
F:\我的文档\Visual Studio 2010\Projects\RayTracer\RayTracer\RayTracer\Debug\RayTracer.exe.intermediate.manifest
F:\我的文档\Visual Studio 2010\Projects\RayTracer\RayTracer\RayTracer\Debug\raytracer.obj
F:\我的文档\Visual Studio 2010\Projects\RayTracer\RayTracer\RayTracer\Debug\RayTracer.vcxprojResolveAssemblyReference.cache
F:\我的文档\Visual Studio 2010\Projects\RayTracer\RayTracer\RayTracer\Debug\RayTracer.write.1.tlog
F:\我的文档\Visual Studio 2010\Projects\RayTracer\RayTracer\RayTracer\Debug\vc100.pdb
G:\MY DOCUMENTS\VISUAL STUDIO 2010\PROJECTS\RAYTRACER\RAYTRACER\DEBUG\CPARSERV1.OBJ
G:\MY DOCUMENTS\VISUAL STUDIO 2010\PROJECTS\RAYTRACER\RAYTRACER\DEBUG\DATA_STRUCTURE.OBJ
G:\MY DOCUMENTS\VISUAL STUDIO 2010\PROJECTS\RAYTRACER\RAYTRACER\DEBUG\GLM.OBJ
G:\MY DOCUMENTS\VISUAL STUDIO 2010\PROJECTS\RAYTRACER\RAYTRACER\DEBUG\GLOBALSYS.OBJ
G:\MY DOCUMENTS\VISUAL STUDIO 2010\PROJECTS\RAYTRACER\RAYTRACER\DEBUG\IMAGE.OBJ
G:\MY DOCUMENTS\VISUAL STUDIO 2010\PROJECTS\RAYTRACER\RAYTRACER\DEBUG\MAIN.OBJ
G:\MY DOCUMENTS\VISUAL STUDIO 2010\PROJECTS\RAYTRACER\RAYTRACER\DEBUG\MATHEMATICS.OBJ
G:\MY DOCUMENTS\VISUAL STUDIO 2010\PROJECTS\RAYTRACER\RAYTRACER\DEBUG\MESH_LOADER.OBJ
G:\MY DOCUMENTS\VISUAL STUDIO 2010\PROJECTS\RAYTRACER\RAYTRACER\DEBUG\MOC_RAYTRACER.OBJ
G:\MY DOCUMENTS\VISUAL STUDIO 2010\PROJECTS\RAYTRACER\RAYTRACER\DEBUG\OBJECTS.OBJ
G:\MY DOCUMENTS\VISUAL STUDIO 2010\PROJECTS\RAYTRACER\RAYTRACER\DEBUG\QRC_RAYTRACER.OBJ
G:\MY DOCUMENTS\VISUAL STUDIO 2010\PROJECTS\RAYTRACER\RAYTRACER\DEBUG\RAYTRACER.EXE.INTERMEDIATE.MANIFEST
G:\MY DOCUMENTS\VISUAL STUDIO 2010\PROJECTS\RAYTRACER\RAYTRACER\DEBUG\RAYTRACER.OBJ
G:\MY DOCUMENTS\VISUAL STUDIO 2010\PROJECTS\RAYTRACER\RAYTRACER\DEBUG\VC100.PDB
G:\MY DOCUMENTS\VISUAL STUDIO 2010\PROJECTS\RAYTRACER\RAYTRACER\GENERATEDFILES\DEBUG\MOC_RAYTRACER.CPP
G:\MY DOCUMENTS\VISUAL STUDIO 2010\PROJECTS\RAYTRACER\RAYTRACER\GENERATEDFILES\QRC_RAYTRACER.CPP
G:\MY DOCUMENTS\VISUAL STUDIO 2010\PROJECTS\RAYTRACER\RAYTRACER\GENERATEDFILES\UI_RAYTRACER.H
G:\MY DOCUMENTS\VISUAL STUDIO 2010\PROJECTS\RAYTRACER\WIN32\DEBUG\RAYTRACER.EXE
G:\MY DOCUMENTS\VISUAL STUDIO 2010\PROJECTS\RAYTRACER\WIN32\DEBUG\RAYTRACER.ILK
G:\MY DOCUMENTS\VISUAL STUDIO 2010\PROJECTS\RAYTRACER\WIN32\DEBUG\RAYTRACER.PDB
